
**********************************************************************

Test build
build project using make

**********************************************************************
Trying to clean project using make clean
make clean
rm libmem.so
rm mem.o
Trying to build project using make
make
gcc -Wall -Werror -g -fpic -c mem.c
gcc -shared -o libmem.so mem.o
gcc -lmem -L. -o memtest memtest.c -Wall -Werror
bash ./checkEnv.sh


test build PASSED
 (build project using make)


**********************************************************************

Test init
call Mem_Init with size = 1 page

**********************************************************************
/u/c/s/cs537-1/ta/tests/3a/tests/init


test init PASSED
 (call Mem_Init with size = 1 page)


**********************************************************************

Test init2
init that should be rounded up to 1 page

**********************************************************************
/u/c/s/cs537-1/ta/tests/3a/tests/init2


test init2 PASSED
 (init that should be rounded up to 1 page)


**********************************************************************

Test alloc
a simple 8 byte allocation

**********************************************************************
/u/c/s/cs537-1/ta/tests/3a/tests/alloc


test alloc PASSED
 (a simple 8 byte allocation)


**********************************************************************

Test writeable
write to a chunk from Mem_Alloc

**********************************************************************
/u/c/s/cs537-1/ta/tests/3a/tests/writeable


test writeable PASSED
 (write to a chunk from Mem_Alloc)


**********************************************************************

Test free
a simple allocation followed by a free

**********************************************************************
/u/c/s/cs537-1/ta/tests/3a/tests/free


test free PASSED
 (a simple allocation followed by a free)


**********************************************************************

Test align
check first pointer returned is 8-byte aligned

**********************************************************************
/u/c/s/cs537-1/ta/tests/3a/tests/align


test align PASSED
 (check first pointer returned is 8-byte aligned)


**********************************************************************

Test alloc2
a few aligned allocations

**********************************************************************
/u/c/s/cs537-1/ta/tests/3a/tests/alloc2


test alloc2 PASSED
 (a few aligned allocations)


**********************************************************************

Test alloc3
many odd sized allocations

**********************************************************************
/u/c/s/cs537-1/ta/tests/3a/tests/alloc3


test alloc3 PASSED
 (many odd sized allocations)


**********************************************************************

Test free2
a few aligned allocations and frees

**********************************************************************
/u/c/s/cs537-1/ta/tests/3a/tests/free2


test free2 PASSED
 (a few aligned allocations and frees)


**********************************************************************

Test free3
many odd sized allocations and interspersed frees

**********************************************************************
/u/c/s/cs537-1/ta/tests/3a/tests/free3


test free3 PASSED
 (many odd sized allocations and interspersed frees)


**********************************************************************

Test align2
a few allocations checked for alignment

**********************************************************************
/u/c/s/cs537-1/ta/tests/3a/tests/align2


test align2 PASSED
 (a few allocations checked for alignment)


**********************************************************************

Test align3
many odd sized allocations checked for alignment

**********************************************************************
/u/c/s/cs537-1/ta/tests/3a/tests/align3


test align3 PASSED
 (many odd sized allocations checked for alignment)


**********************************************************************

Test nospace
second allocation is too big to fit

**********************************************************************
/u/c/s/cs537-1/ta/tests/3a/tests/nospace


test nospace PASSED
 (second allocation is too big to fit)


**********************************************************************

Test badinit
bad arguments to Mem_Init

**********************************************************************
/u/c/s/cs537-1/ta/tests/3a/tests/badinit


test badinit PASSED
 (bad arguments to Mem_Init)


**********************************************************************

Test badinit2
bad arguments to Mem_Init

**********************************************************************
/u/c/s/cs537-1/ta/tests/3a/tests/badinit2


test badinit2 PASSED
 (bad arguments to Mem_Init)


**********************************************************************

Test doubleinit
call init twice

**********************************************************************
/u/c/s/cs537-1/ta/tests/3a/tests/doubleinit


test doubleinit PASSED
 (call init twice)


**********************************************************************

Test bestfit
use first free space for allocation

**********************************************************************
/u/c/s/cs537-1/ta/tests/3a/tests/bestfit
bestfit: bestfit.c:26: main: Assertion `ptr[3] != ((void *)0)' failed.
test bestfit FAILED
Traceback (most recent call last):
  File "/afs/cs.wisc.edu/p/course/cs537-remzi/ta/tests/3a/test.py", line 183, in run_test
    test.run()
  File "/afs/cs.wisc.edu/p/course/cs537-remzi/ta/tests/3a/ctest.py", line 9, in run
    self.runexe([os.path.join(self.path, self.name)] + self.args, status = 0)
  File "/afs/cs.wisc.edu/p/course/cs537-remzi/ta/tests/3a/test.py", line 112, in runexe
    "Expected " + str(status) + " got " + str(child.returncode))
Failure: /u/c/s/cs537-1/ta/tests/3a/tests/bestfit returned incorrect status code. Expected 0 got -6


test bestfit FAILED
 (use first free space for allocation)
 /u/c/s/cs537-1/ta/tests/3a/tests/bestfit returned incorrect status code. Expected 0 got -6

**********************************************************************
Summary:
test build PASSED
 (build project using make)

test init PASSED
 (call Mem_Init with size = 1 page)

test init2 PASSED
 (init that should be rounded up to 1 page)

test alloc PASSED
 (a simple 8 byte allocation)

test writeable PASSED
 (write to a chunk from Mem_Alloc)

test free PASSED
 (a simple allocation followed by a free)

test align PASSED
 (check first pointer returned is 8-byte aligned)

test alloc2 PASSED
 (a few aligned allocations)

test alloc3 PASSED
 (many odd sized allocations)

test free2 PASSED
 (a few aligned allocations and frees)

test free3 PASSED
 (many odd sized allocations and interspersed frees)

test align2 PASSED
 (a few allocations checked for alignment)

test align3 PASSED
 (many odd sized allocations checked for alignment)

test nospace PASSED
 (second allocation is too big to fit)

test badinit PASSED
 (bad arguments to Mem_Init)

test badinit2 PASSED
 (bad arguments to Mem_Init)

test doubleinit PASSED
 (call init twice)

test bestfit FAILED
 (use first free space for allocation)
 /u/c/s/cs537-1/ta/tests/3a/tests/bestfit returned incorrect status code. Expected 0 got -6

Passed 17 of 18 tests.
Skipped 13 tests.
Overall 17 of 31
