
**********************************************************************

Test build
build xv6 using make

**********************************************************************
Trying to clean project using make clean
make clean
make: *** No rule to make target `clean'.  Stop.
test build FAILED
Trying to build project using make
make
make: *** No targets specified and no makefile found.  Stop.
make xv6.img fs.img
make: *** No rule to make target `xv6.img'.  Stop.
test build FAILED
test build FAILED
test build FAILED


test build FAILED
 (build xv6 using make)
 make clean failed (error 2)
 file 'ulib.o' exists after make clean, removing
 file 'cat.o' exists after make clean, removing
 file 'umalloc.o' exists after make clean, removing
 file 'printf.o' exists after make clean, removing
 file 'grep.o' exists after make clean, removing
 file 'echo.o' exists after make clean, removing
 file 'usys.o' exists after make clean, removing
 file 'forktest.o' exists after make clean, removing
 file 'init.o' exists after make clean, removing
 file 'kill.o' exists after make clean, removing
 file 'ln.o' exists after make clean, removing
 file 'ls.o' exists after make clean, removing
 file 'mkdir.o' exists after make clean, removing
 file 'rm.o' exists after make clean, removing
 file 'sh.o' exists after make clean, removing
 file 'stressfs.o' exists after make clean, removing
 file 'tester.o' exists after make clean, removing
 file 'usertests.o' exists after make clean, removing
 file 'wc.o' exists after make clean, removing
 file 'zombie.o' exists after make clean, removing
 make failed (error 2)
 required file 'xv6.img' does not exist after make
 required file 'fs.img' does not exist after make


**********************************************************************

Test multi
multiple threads and deep stacks

**********************************************************************
Running xv6 user progam /u/c/s/cs537-1/ta/tests/4b/multi.c
test multi FAILED
Traceback (most recent call last):
  File "/afs/cs.wisc.edu/p/course/cs537-remzi/ta/tests/4b/test.py", line 196, in run_test
    test.run()
  File "/afs/cs.wisc.edu/p/course/cs537-remzi/ta/tests/4b/xv6.py", line 14, in run
    shutil.copy(tester_path, self.project_path + "/user/tester.c")
  File "/usr/lib64/python2.6/shutil.py", line 84, in copy
    copyfile(src, dst)
  File "/usr/lib64/python2.6/shutil.py", line 51, in copyfile
    with open(dst, 'wb') as fdst:
IOError: [Errno 2] No such file or directory: '/tmp/tmpV6xyEg/p/user/tester.c'


test multi FAILED
 (multiple threads and deep stacks)
 Unexcpected exception [Errno 2] No such file or directory: '/tmp/tmpV6xyEg/p/user/tester.c'

**********************************************************************
Summary:
test build FAILED
 (build xv6 using make)
 make clean failed (error 2)
 file 'ulib.o' exists after make clean, removing
 file 'cat.o' exists after make clean, removing
 file 'umalloc.o' exists after make clean, removing
 file 'printf.o' exists after make clean, removing
 file 'grep.o' exists after make clean, removing
 file 'echo.o' exists after make clean, removing
 file 'usys.o' exists after make clean, removing
 file 'forktest.o' exists after make clean, removing
 file 'init.o' exists after make clean, removing
 file 'kill.o' exists after make clean, removing
 file 'ln.o' exists after make clean, removing
 file 'ls.o' exists after make clean, removing
 file 'mkdir.o' exists after make clean, removing
 file 'rm.o' exists after make clean, removing
 file 'sh.o' exists after make clean, removing
 file 'stressfs.o' exists after make clean, removing
 file 'tester.o' exists after make clean, removing
 file 'usertests.o' exists after make clean, removing
 file 'wc.o' exists after make clean, removing
 file 'zombie.o' exists after make clean, removing
 make failed (error 2)
 required file 'xv6.img' does not exist after make
 required file 'fs.img' does not exist after make

test multi FAILED
 (multiple threads and deep stacks)
 Unexcpected exception [Errno 2] No such file or directory: '/tmp/tmpV6xyEg/p/user/tester.c'

Passed 0 of 2 tests.
Overall 0 of 2
